{"C:\\Users\\ThanhBan\\Documents\\GitHub\\COSC4353---Project-Groups-14\\public\\login.js": {"path":"C:\\Users\\ThanhBan\\Documents\\GitHub\\COSC4353---Project-Groups-14\\public\\login.js","statementMap":{"0":{"start":{"line":3,"column":11},"end":{"line":3,"column":42}},"1":{"start":{"line":4,"column":0},"end":{"line":4,"column":41}},"2":{"start":{"line":8,"column":19},"end":{"line":8,"column":54}},"3":{"start":{"line":9,"column":19},"end":{"line":9,"column":54}},"4":{"start":{"line":10,"column":16},"end":{"line":10,"column":48}},"5":{"start":{"line":11,"column":4},"end":{"line":11,"column":18}},"6":{"start":{"line":12,"column":4},"end":{"line":15,"column":5}},"7":{"start":{"line":13,"column":8},"end":{"line":13,"column":51}},"8":{"start":{"line":14,"column":8},"end":{"line":14,"column":41}},"9":{"start":{"line":17,"column":4},"end":{"line":20,"column":5}},"10":{"start":{"line":18,"column":8},"end":{"line":18,"column":48}},"11":{"start":{"line":19,"column":8},"end":{"line":19,"column":41}},"12":{"start":{"line":22,"column":4},"end":{"line":28,"column":5}},"13":{"start":{"line":23,"column":8},"end":{"line":27,"column":9}},"14":{"start":{"line":24,"column":12},"end":{"line":24,"column":66}},"15":{"start":{"line":25,"column":12},"end":{"line":25,"column":45}},"16":{"start":{"line":26,"column":12},"end":{"line":26,"column":45}},"17":{"start":{"line":29,"column":4},"end":{"line":38,"column":5}},"18":{"start":{"line":30,"column":8},"end":{"line":30,"column":30}},"19":{"start":{"line":31,"column":19},"end":{"line":31,"column":25}},"20":{"start":{"line":32,"column":8},"end":{"line":34,"column":9}},"21":{"start":{"line":33,"column":12},"end":{"line":33,"column":48}},"22":{"start":{"line":35,"column":8},"end":{"line":35,"column":29}},"23":{"start":{"line":36,"column":8},"end":{"line":36,"column":37}},"24":{"start":{"line":37,"column":8},"end":{"line":37,"column":30}}},"fnMap":{"0":{"name":"validate","decl":{"start":{"line":7,"column":9},"end":{"line":7,"column":17}},"loc":{"start":{"line":7,"column":25},"end":{"line":40,"column":1}},"line":7}},"branchMap":{"0":{"loc":{"start":{"line":12,"column":4},"end":{"line":15,"column":5}},"type":"if","locations":[{"start":{"line":12,"column":4},"end":{"line":15,"column":5}},{"start":{},"end":{}}],"line":12},"1":{"loc":{"start":{"line":17,"column":4},"end":{"line":20,"column":5}},"type":"if","locations":[{"start":{"line":17,"column":4},"end":{"line":20,"column":5}},{"start":{},"end":{}}],"line":17},"2":{"loc":{"start":{"line":22,"column":4},"end":{"line":28,"column":5}},"type":"if","locations":[{"start":{"line":22,"column":4},"end":{"line":28,"column":5}},{"start":{},"end":{}}],"line":22},"3":{"loc":{"start":{"line":22,"column":8},"end":{"line":22,"column":52}},"type":"binary-expr","locations":[{"start":{"line":22,"column":8},"end":{"line":22,"column":28}},{"start":{"line":22,"column":32},"end":{"line":22,"column":52}}],"line":22},"4":{"loc":{"start":{"line":23,"column":8},"end":{"line":27,"column":9}},"type":"if","locations":[{"start":{"line":23,"column":8},"end":{"line":27,"column":9}},{"start":{},"end":{}}],"line":23},"5":{"loc":{"start":{"line":23,"column":12},"end":{"line":23,"column":64}},"type":"binary-expr","locations":[{"start":{"line":23,"column":12},"end":{"line":23,"column":36}},{"start":{"line":23,"column":40},"end":{"line":23,"column":64}}],"line":23},"6":{"loc":{"start":{"line":29,"column":4},"end":{"line":38,"column":5}},"type":"if","locations":[{"start":{"line":29,"column":4},"end":{"line":38,"column":5}},{"start":{},"end":{}}],"line":29}},"s":{"0":1,"1":1,"2":3,"3":3,"4":3,"5":3,"6":3,"7":1,"8":1,"9":3,"10":1,"11":1,"12":3,"13":1,"14":1,"15":1,"16":1,"17":3,"18":3,"19":3,"20":3,"21":3,"22":3,"23":3,"24":3},"f":{"0":3},"b":{"0":[1,2],"1":[1,2],"2":[1,2],"3":[3,2],"4":[1,0],"5":[1,1],"6":[3,0]},"_coverageSchema":"1a1c01bbd47fc00a2c39e90264f33305004495a9","hash":"b5848a4542bc79e25258427c0e3b0042951e028c"}
,"C:\\Users\\ThanhBan\\Documents\\GitHub\\COSC4353---Project-Groups-14\\public\\profile.js": {"path":"C:\\Users\\ThanhBan\\Documents\\GitHub\\COSC4353---Project-Groups-14\\public\\profile.js","statementMap":{"0":{"start":{"line":1,"column":11},"end":{"line":1,"column":42}},"1":{"start":{"line":2,"column":0},"end":{"line":2,"column":49}},"2":{"start":{"line":7,"column":19},"end":{"line":7,"column":54}},"3":{"start":{"line":8,"column":20},"end":{"line":8,"column":56}},"4":{"start":{"line":9,"column":20},"end":{"line":9,"column":56}},"5":{"start":{"line":10,"column":15},"end":{"line":10,"column":46}},"6":{"start":{"line":11,"column":16},"end":{"line":11,"column":48}},"7":{"start":{"line":12,"column":18},"end":{"line":12,"column":52}},"8":{"start":{"line":13,"column":16},"end":{"line":13,"column":48}},"9":{"start":{"line":14,"column":4},"end":{"line":14,"column":18}},"10":{"start":{"line":15,"column":4},"end":{"line":18,"column":5}},"11":{"start":{"line":16,"column":8},"end":{"line":16,"column":57}},"12":{"start":{"line":17,"column":8},"end":{"line":17,"column":41}},"13":{"start":{"line":19,"column":4},"end":{"line":22,"column":5}},"14":{"start":{"line":20,"column":8},"end":{"line":20,"column":55}},"15":{"start":{"line":21,"column":8},"end":{"line":21,"column":42}},"16":{"start":{"line":23,"column":4},"end":{"line":26,"column":5}},"17":{"start":{"line":24,"column":8},"end":{"line":24,"column":52}},"18":{"start":{"line":25,"column":8},"end":{"line":25,"column":37}},"19":{"start":{"line":27,"column":4},"end":{"line":30,"column":5}},"20":{"start":{"line":28,"column":8},"end":{"line":28,"column":51}},"21":{"start":{"line":29,"column":8},"end":{"line":29,"column":38}},"22":{"start":{"line":32,"column":4},"end":{"line":35,"column":5}},"23":{"start":{"line":33,"column":8},"end":{"line":33,"column":55}},"24":{"start":{"line":34,"column":8},"end":{"line":34,"column":40}},"25":{"start":{"line":38,"column":4},"end":{"line":47,"column":5}},"26":{"start":{"line":39,"column":8},"end":{"line":39,"column":30}},"27":{"start":{"line":40,"column":19},"end":{"line":40,"column":25}},"28":{"start":{"line":41,"column":8},"end":{"line":43,"column":9}},"29":{"start":{"line":42,"column":12},"end":{"line":42,"column":48}},"30":{"start":{"line":44,"column":8},"end":{"line":44,"column":29}},"31":{"start":{"line":45,"column":8},"end":{"line":45,"column":37}},"32":{"start":{"line":46,"column":8},"end":{"line":46,"column":30}}},"fnMap":{"0":{"name":"validate_profile","decl":{"start":{"line":6,"column":9},"end":{"line":6,"column":25}},"loc":{"start":{"line":6,"column":33},"end":{"line":49,"column":1}},"line":6}},"branchMap":{"0":{"loc":{"start":{"line":15,"column":4},"end":{"line":18,"column":5}},"type":"if","locations":[{"start":{"line":15,"column":4},"end":{"line":18,"column":5}},{"start":{},"end":{}}],"line":15},"1":{"loc":{"start":{"line":15,"column":8},"end":{"line":15,"column":58}},"type":"binary-expr","locations":[{"start":{"line":15,"column":8},"end":{"line":15,"column":28}},{"start":{"line":15,"column":32},"end":{"line":15,"column":58}}],"line":15},"2":{"loc":{"start":{"line":19,"column":4},"end":{"line":22,"column":5}},"type":"if","locations":[{"start":{"line":19,"column":4},"end":{"line":22,"column":5}},{"start":{},"end":{}}],"line":19},"3":{"loc":{"start":{"line":19,"column":8},"end":{"line":19,"column":61}},"type":"binary-expr","locations":[{"start":{"line":19,"column":8},"end":{"line":19,"column":29}},{"start":{"line":19,"column":33},"end":{"line":19,"column":61}}],"line":19},"4":{"loc":{"start":{"line":23,"column":4},"end":{"line":26,"column":5}},"type":"if","locations":[{"start":{"line":23,"column":4},"end":{"line":26,"column":5}},{"start":{},"end":{}}],"line":23},"5":{"loc":{"start":{"line":23,"column":8},"end":{"line":23,"column":51}},"type":"binary-expr","locations":[{"start":{"line":23,"column":8},"end":{"line":23,"column":24}},{"start":{"line":23,"column":28},"end":{"line":23,"column":51}}],"line":23},"6":{"loc":{"start":{"line":27,"column":4},"end":{"line":30,"column":5}},"type":"if","locations":[{"start":{"line":27,"column":4},"end":{"line":30,"column":5}},{"start":{},"end":{}}],"line":27},"7":{"loc":{"start":{"line":32,"column":4},"end":{"line":35,"column":5}},"type":"if","locations":[{"start":{"line":32,"column":4},"end":{"line":35,"column":5}},{"start":{},"end":{}}],"line":32},"8":{"loc":{"start":{"line":32,"column":8},"end":{"line":32,"column":60}},"type":"binary-expr","locations":[{"start":{"line":32,"column":8},"end":{"line":32,"column":32}},{"start":{"line":32,"column":36},"end":{"line":32,"column":60}}],"line":32},"9":{"loc":{"start":{"line":38,"column":4},"end":{"line":47,"column":5}},"type":"if","locations":[{"start":{"line":38,"column":4},"end":{"line":47,"column":5}},{"start":{},"end":{}}],"line":38}},"s":{"0":1,"1":1,"2":5,"3":5,"4":5,"5":5,"6":5,"7":5,"8":5,"9":5,"10":5,"11":1,"12":1,"13":5,"14":1,"15":1,"16":5,"17":1,"18":1,"19":5,"20":1,"21":1,"22":5,"23":1,"24":1,"25":5,"26":5,"27":5,"28":5,"29":5,"30":5,"31":5,"32":5},"f":{"0":5},"b":{"0":[1,4],"1":[5,4],"2":[1,4],"3":[5,4],"4":[1,4],"5":[5,4],"6":[1,4],"7":[1,4],"8":[5,4],"9":[5,0]},"_coverageSchema":"1a1c01bbd47fc00a2c39e90264f33305004495a9","hash":"6ef2b81ac82045bbe5d87bf8af73657c01e8abd8"}
,"C:\\Users\\ThanhBan\\Documents\\GitHub\\COSC4353---Project-Groups-14\\public\\signup.js": {"path":"C:\\Users\\ThanhBan\\Documents\\GitHub\\COSC4353---Project-Groups-14\\public\\signup.js","statementMap":{"0":{"start":{"line":2,"column":19},"end":{"line":2,"column":54}},"1":{"start":{"line":3,"column":19},"end":{"line":3,"column":54}},"2":{"start":{"line":4,"column":22},"end":{"line":4,"column":61}},"3":{"start":{"line":5,"column":16},"end":{"line":5,"column":48}},"4":{"start":{"line":6,"column":16},"end":{"line":6,"column":48}},"5":{"start":{"line":7,"column":4},"end":{"line":7,"column":18}},"6":{"start":{"line":9,"column":13},"end":{"line":9,"column":62}},"7":{"start":{"line":10,"column":4},"end":{"line":14,"column":5}},"8":{"start":{"line":11,"column":8},"end":{"line":11,"column":59}},"9":{"start":{"line":12,"column":8},"end":{"line":12,"column":38}},"10":{"start":{"line":15,"column":4},"end":{"line":18,"column":5}},"11":{"start":{"line":16,"column":8},"end":{"line":16,"column":51}},"12":{"start":{"line":17,"column":8},"end":{"line":17,"column":41}},"13":{"start":{"line":21,"column":4},"end":{"line":24,"column":5}},"14":{"start":{"line":22,"column":8},"end":{"line":22,"column":71}},"15":{"start":{"line":23,"column":8},"end":{"line":23,"column":41}},"16":{"start":{"line":26,"column":20},"end":{"line":26,"column":21}},"17":{"start":{"line":27,"column":20},"end":{"line":27,"column":21}},"18":{"start":{"line":28,"column":16},"end":{"line":28,"column":17}},"19":{"start":{"line":29,"column":4},"end":{"line":40,"column":5}},"20":{"start":{"line":29,"column":17},"end":{"line":29,"column":18}},"21":{"start":{"line":30,"column":19},"end":{"line":30,"column":47}},"22":{"start":{"line":31,"column":8},"end":{"line":39,"column":9}},"23":{"start":{"line":32,"column":12},"end":{"line":32,"column":23}},"24":{"start":{"line":34,"column":13},"end":{"line":39,"column":9}},"25":{"start":{"line":35,"column":12},"end":{"line":35,"column":23}},"26":{"start":{"line":37,"column":13},"end":{"line":39,"column":9}},"27":{"start":{"line":38,"column":12},"end":{"line":38,"column":19}},"28":{"start":{"line":41,"column":4},"end":{"line":45,"column":5}},"29":{"start":{"line":42,"column":8},"end":{"line":42,"column":81}},"30":{"start":{"line":43,"column":8},"end":{"line":43,"column":41}},"31":{"start":{"line":46,"column":4},"end":{"line":49,"column":5}},"32":{"start":{"line":47,"column":8},"end":{"line":47,"column":81}},"33":{"start":{"line":48,"column":8},"end":{"line":48,"column":41}},"34":{"start":{"line":51,"column":4},"end":{"line":54,"column":5}},"35":{"start":{"line":52,"column":8},"end":{"line":52,"column":67}},"36":{"start":{"line":53,"column":8},"end":{"line":53,"column":41}},"37":{"start":{"line":55,"column":4},"end":{"line":58,"column":5}},"38":{"start":{"line":56,"column":8},"end":{"line":56,"column":73}},"39":{"start":{"line":57,"column":8},"end":{"line":57,"column":44}},"40":{"start":{"line":61,"column":4},"end":{"line":70,"column":5}},"41":{"start":{"line":62,"column":8},"end":{"line":62,"column":30}},"42":{"start":{"line":63,"column":19},"end":{"line":63,"column":25}},"43":{"start":{"line":64,"column":8},"end":{"line":66,"column":9}},"44":{"start":{"line":65,"column":12},"end":{"line":65,"column":48}},"45":{"start":{"line":67,"column":8},"end":{"line":67,"column":29}},"46":{"start":{"line":68,"column":8},"end":{"line":68,"column":37}},"47":{"start":{"line":69,"column":8},"end":{"line":69,"column":30}},"48":{"start":{"line":73,"column":11},"end":{"line":73,"column":42}},"49":{"start":{"line":74,"column":0},"end":{"line":74,"column":48}}},"fnMap":{"0":{"name":"validate_signup","decl":{"start":{"line":1,"column":9},"end":{"line":1,"column":24}},"loc":{"start":{"line":1,"column":32},"end":{"line":71,"column":1}},"line":1}},"branchMap":{"0":{"loc":{"start":{"line":10,"column":4},"end":{"line":14,"column":5}},"type":"if","locations":[{"start":{"line":10,"column":4},"end":{"line":14,"column":5}},{"start":{},"end":{}}],"line":10},"1":{"loc":{"start":{"line":15,"column":4},"end":{"line":18,"column":5}},"type":"if","locations":[{"start":{"line":15,"column":4},"end":{"line":18,"column":5}},{"start":{},"end":{}}],"line":15},"2":{"loc":{"start":{"line":21,"column":4},"end":{"line":24,"column":5}},"type":"if","locations":[{"start":{"line":21,"column":4},"end":{"line":24,"column":5}},{"start":{},"end":{}}],"line":21},"3":{"loc":{"start":{"line":21,"column":8},"end":{"line":21,"column":63}},"type":"binary-expr","locations":[{"start":{"line":21,"column":8},"end":{"line":21,"column":33}},{"start":{"line":21,"column":37},"end":{"line":21,"column":63}}],"line":21},"4":{"loc":{"start":{"line":31,"column":8},"end":{"line":39,"column":9}},"type":"if","locations":[{"start":{"line":31,"column":8},"end":{"line":39,"column":9}},{"start":{"line":34,"column":13},"end":{"line":39,"column":9}}],"line":31},"5":{"loc":{"start":{"line":31,"column":12},"end":{"line":31,"column":36}},"type":"binary-expr","locations":[{"start":{"line":31,"column":12},"end":{"line":31,"column":22}},{"start":{"line":31,"column":26},"end":{"line":31,"column":36}}],"line":31},"6":{"loc":{"start":{"line":34,"column":13},"end":{"line":39,"column":9}},"type":"if","locations":[{"start":{"line":34,"column":13},"end":{"line":39,"column":9}},{"start":{"line":37,"column":13},"end":{"line":39,"column":9}}],"line":34},"7":{"loc":{"start":{"line":34,"column":17},"end":{"line":34,"column":42}},"type":"binary-expr","locations":[{"start":{"line":34,"column":17},"end":{"line":34,"column":27}},{"start":{"line":34,"column":31},"end":{"line":34,"column":42}}],"line":34},"8":{"loc":{"start":{"line":37,"column":13},"end":{"line":39,"column":9}},"type":"if","locations":[{"start":{"line":37,"column":13},"end":{"line":39,"column":9}},{"start":{},"end":{}}],"line":37},"9":{"loc":{"start":{"line":37,"column":17},"end":{"line":37,"column":41}},"type":"binary-expr","locations":[{"start":{"line":37,"column":17},"end":{"line":37,"column":27}},{"start":{"line":37,"column":31},"end":{"line":37,"column":41}}],"line":37},"10":{"loc":{"start":{"line":41,"column":4},"end":{"line":45,"column":5}},"type":"if","locations":[{"start":{"line":41,"column":4},"end":{"line":45,"column":5}},{"start":{},"end":{}}],"line":41},"11":{"loc":{"start":{"line":46,"column":4},"end":{"line":49,"column":5}},"type":"if","locations":[{"start":{"line":46,"column":4},"end":{"line":49,"column":5}},{"start":{},"end":{}}],"line":46},"12":{"loc":{"start":{"line":51,"column":4},"end":{"line":54,"column":5}},"type":"if","locations":[{"start":{"line":51,"column":4},"end":{"line":54,"column":5}},{"start":{},"end":{}}],"line":51},"13":{"loc":{"start":{"line":55,"column":4},"end":{"line":58,"column":5}},"type":"if","locations":[{"start":{"line":55,"column":4},"end":{"line":58,"column":5}},{"start":{},"end":{}}],"line":55},"14":{"loc":{"start":{"line":61,"column":4},"end":{"line":70,"column":5}},"type":"if","locations":[{"start":{"line":61,"column":4},"end":{"line":70,"column":5}},{"start":{},"end":{}}],"line":61}},"s":{"0":3,"1":3,"2":3,"3":3,"4":3,"5":3,"6":3,"7":3,"8":1,"9":1,"10":3,"11":1,"12":1,"13":3,"14":1,"15":1,"16":3,"17":3,"18":3,"19":3,"20":3,"21":14,"22":14,"23":2,"24":12,"25":10,"26":2,"27":2,"28":3,"29":1,"30":1,"31":3,"32":1,"33":1,"34":3,"35":1,"36":1,"37":3,"38":0,"39":0,"40":3,"41":3,"42":3,"43":3,"44":6,"45":3,"46":3,"47":3,"48":1,"49":1},"f":{"0":3},"b":{"0":[1,2],"1":[1,2],"2":[1,2],"3":[3,2],"4":[2,12],"5":[14,12],"6":[10,2],"7":[12,10],"8":[2,0],"9":[2,2],"10":[1,2],"11":[1,2],"12":[1,2],"13":[0,3],"14":[3,0]},"_coverageSchema":"1a1c01bbd47fc00a2c39e90264f33305004495a9","hash":"97dd766e2fd5f18dc2860df574757e7cd37ea3a9"}
}
