{"C:\\Users\\ThanhBan\\Documents\\GitHub\\COSC4353---Project-Groups-14\\views\\login.js": {"path":"C:\\Users\\ThanhBan\\Documents\\GitHub\\COSC4353---Project-Groups-14\\views\\login.js","statementMap":{"0":{"start":{"line":1,"column":11},"end":{"line":1,"column":42}},"1":{"start":{"line":2,"column":0},"end":{"line":2,"column":41}},"2":{"start":{"line":5,"column":19},"end":{"line":5,"column":54}},"3":{"start":{"line":6,"column":19},"end":{"line":6,"column":54}},"4":{"start":{"line":7,"column":16},"end":{"line":7,"column":48}},"5":{"start":{"line":8,"column":4},"end":{"line":8,"column":18}},"6":{"start":{"line":9,"column":4},"end":{"line":12,"column":5}},"7":{"start":{"line":10,"column":8},"end":{"line":10,"column":51}},"8":{"start":{"line":11,"column":8},"end":{"line":11,"column":41}},"9":{"start":{"line":14,"column":4},"end":{"line":17,"column":5}},"10":{"start":{"line":15,"column":8},"end":{"line":15,"column":48}},"11":{"start":{"line":16,"column":8},"end":{"line":16,"column":41}},"12":{"start":{"line":19,"column":4},"end":{"line":25,"column":5}},"13":{"start":{"line":20,"column":8},"end":{"line":24,"column":9}},"14":{"start":{"line":21,"column":12},"end":{"line":21,"column":66}},"15":{"start":{"line":22,"column":12},"end":{"line":22,"column":45}},"16":{"start":{"line":23,"column":12},"end":{"line":23,"column":45}},"17":{"start":{"line":26,"column":4},"end":{"line":35,"column":5}},"18":{"start":{"line":27,"column":8},"end":{"line":27,"column":30}},"19":{"start":{"line":28,"column":19},"end":{"line":28,"column":25}},"20":{"start":{"line":29,"column":8},"end":{"line":31,"column":9}},"21":{"start":{"line":30,"column":12},"end":{"line":30,"column":48}},"22":{"start":{"line":32,"column":8},"end":{"line":32,"column":29}},"23":{"start":{"line":33,"column":8},"end":{"line":33,"column":37}},"24":{"start":{"line":34,"column":8},"end":{"line":34,"column":30}}},"fnMap":{"0":{"name":"validate","decl":{"start":{"line":4,"column":9},"end":{"line":4,"column":17}},"loc":{"start":{"line":4,"column":25},"end":{"line":37,"column":1}},"line":4}},"branchMap":{"0":{"loc":{"start":{"line":9,"column":4},"end":{"line":12,"column":5}},"type":"if","locations":[{"start":{"line":9,"column":4},"end":{"line":12,"column":5}},{"start":{},"end":{}}],"line":9},"1":{"loc":{"start":{"line":14,"column":4},"end":{"line":17,"column":5}},"type":"if","locations":[{"start":{"line":14,"column":4},"end":{"line":17,"column":5}},{"start":{},"end":{}}],"line":14},"2":{"loc":{"start":{"line":19,"column":4},"end":{"line":25,"column":5}},"type":"if","locations":[{"start":{"line":19,"column":4},"end":{"line":25,"column":5}},{"start":{},"end":{}}],"line":19},"3":{"loc":{"start":{"line":19,"column":8},"end":{"line":19,"column":52}},"type":"binary-expr","locations":[{"start":{"line":19,"column":8},"end":{"line":19,"column":28}},{"start":{"line":19,"column":32},"end":{"line":19,"column":52}}],"line":19},"4":{"loc":{"start":{"line":20,"column":8},"end":{"line":24,"column":9}},"type":"if","locations":[{"start":{"line":20,"column":8},"end":{"line":24,"column":9}},{"start":{},"end":{}}],"line":20},"5":{"loc":{"start":{"line":20,"column":12},"end":{"line":20,"column":64}},"type":"binary-expr","locations":[{"start":{"line":20,"column":12},"end":{"line":20,"column":36}},{"start":{"line":20,"column":40},"end":{"line":20,"column":64}}],"line":20},"6":{"loc":{"start":{"line":26,"column":4},"end":{"line":35,"column":5}},"type":"if","locations":[{"start":{"line":26,"column":4},"end":{"line":35,"column":5}},{"start":{},"end":{}}],"line":26}},"s":{"0":1,"1":1,"2":3,"3":3,"4":3,"5":3,"6":3,"7":1,"8":1,"9":3,"10":1,"11":1,"12":3,"13":1,"14":1,"15":1,"16":1,"17":3,"18":3,"19":3,"20":3,"21":3,"22":3,"23":3,"24":3},"f":{"0":3},"b":{"0":[1,2],"1":[1,2],"2":[1,2],"3":[3,2],"4":[1,0],"5":[1,1],"6":[3,0]},"_coverageSchema":"1a1c01bbd47fc00a2c39e90264f33305004495a9","hash":"225aa3cc90462048f91221b71dffdb81668f27a3"}
,"C:\\Users\\ThanhBan\\Documents\\GitHub\\COSC4353---Project-Groups-14\\views\\profile.js": {"path":"C:\\Users\\ThanhBan\\Documents\\GitHub\\COSC4353---Project-Groups-14\\views\\profile.js","statementMap":{"0":{"start":{"line":1,"column":11},"end":{"line":1,"column":42}},"1":{"start":{"line":2,"column":0},"end":{"line":2,"column":49}},"2":{"start":{"line":5,"column":19},"end":{"line":5,"column":54}},"3":{"start":{"line":6,"column":20},"end":{"line":6,"column":56}},"4":{"start":{"line":7,"column":20},"end":{"line":7,"column":56}},"5":{"start":{"line":8,"column":15},"end":{"line":8,"column":46}},"6":{"start":{"line":9,"column":16},"end":{"line":9,"column":48}},"7":{"start":{"line":10,"column":18},"end":{"line":10,"column":52}},"8":{"start":{"line":11,"column":16},"end":{"line":11,"column":48}},"9":{"start":{"line":12,"column":4},"end":{"line":12,"column":18}},"10":{"start":{"line":13,"column":4},"end":{"line":16,"column":5}},"11":{"start":{"line":14,"column":8},"end":{"line":14,"column":57}},"12":{"start":{"line":15,"column":8},"end":{"line":15,"column":41}},"13":{"start":{"line":17,"column":4},"end":{"line":20,"column":5}},"14":{"start":{"line":18,"column":8},"end":{"line":18,"column":55}},"15":{"start":{"line":19,"column":8},"end":{"line":19,"column":42}},"16":{"start":{"line":21,"column":4},"end":{"line":24,"column":5}},"17":{"start":{"line":22,"column":8},"end":{"line":22,"column":52}},"18":{"start":{"line":23,"column":8},"end":{"line":23,"column":37}},"19":{"start":{"line":25,"column":4},"end":{"line":28,"column":5}},"20":{"start":{"line":26,"column":8},"end":{"line":26,"column":51}},"21":{"start":{"line":27,"column":8},"end":{"line":27,"column":38}},"22":{"start":{"line":30,"column":4},"end":{"line":33,"column":5}},"23":{"start":{"line":31,"column":8},"end":{"line":31,"column":55}},"24":{"start":{"line":32,"column":8},"end":{"line":32,"column":40}},"25":{"start":{"line":36,"column":4},"end":{"line":45,"column":5}},"26":{"start":{"line":37,"column":8},"end":{"line":37,"column":30}},"27":{"start":{"line":38,"column":19},"end":{"line":38,"column":25}},"28":{"start":{"line":39,"column":8},"end":{"line":41,"column":9}},"29":{"start":{"line":40,"column":12},"end":{"line":40,"column":48}},"30":{"start":{"line":42,"column":8},"end":{"line":42,"column":29}},"31":{"start":{"line":43,"column":8},"end":{"line":43,"column":37}},"32":{"start":{"line":44,"column":8},"end":{"line":44,"column":30}}},"fnMap":{"0":{"name":"validate_profile","decl":{"start":{"line":4,"column":9},"end":{"line":4,"column":25}},"loc":{"start":{"line":4,"column":33},"end":{"line":47,"column":1}},"line":4}},"branchMap":{"0":{"loc":{"start":{"line":13,"column":4},"end":{"line":16,"column":5}},"type":"if","locations":[{"start":{"line":13,"column":4},"end":{"line":16,"column":5}},{"start":{},"end":{}}],"line":13},"1":{"loc":{"start":{"line":13,"column":8},"end":{"line":13,"column":58}},"type":"binary-expr","locations":[{"start":{"line":13,"column":8},"end":{"line":13,"column":28}},{"start":{"line":13,"column":32},"end":{"line":13,"column":58}}],"line":13},"2":{"loc":{"start":{"line":17,"column":4},"end":{"line":20,"column":5}},"type":"if","locations":[{"start":{"line":17,"column":4},"end":{"line":20,"column":5}},{"start":{},"end":{}}],"line":17},"3":{"loc":{"start":{"line":17,"column":8},"end":{"line":17,"column":61}},"type":"binary-expr","locations":[{"start":{"line":17,"column":8},"end":{"line":17,"column":29}},{"start":{"line":17,"column":33},"end":{"line":17,"column":61}}],"line":17},"4":{"loc":{"start":{"line":21,"column":4},"end":{"line":24,"column":5}},"type":"if","locations":[{"start":{"line":21,"column":4},"end":{"line":24,"column":5}},{"start":{},"end":{}}],"line":21},"5":{"loc":{"start":{"line":21,"column":8},"end":{"line":21,"column":51}},"type":"binary-expr","locations":[{"start":{"line":21,"column":8},"end":{"line":21,"column":24}},{"start":{"line":21,"column":28},"end":{"line":21,"column":51}}],"line":21},"6":{"loc":{"start":{"line":25,"column":4},"end":{"line":28,"column":5}},"type":"if","locations":[{"start":{"line":25,"column":4},"end":{"line":28,"column":5}},{"start":{},"end":{}}],"line":25},"7":{"loc":{"start":{"line":30,"column":4},"end":{"line":33,"column":5}},"type":"if","locations":[{"start":{"line":30,"column":4},"end":{"line":33,"column":5}},{"start":{},"end":{}}],"line":30},"8":{"loc":{"start":{"line":30,"column":8},"end":{"line":30,"column":60}},"type":"binary-expr","locations":[{"start":{"line":30,"column":8},"end":{"line":30,"column":32}},{"start":{"line":30,"column":36},"end":{"line":30,"column":60}}],"line":30},"9":{"loc":{"start":{"line":36,"column":4},"end":{"line":45,"column":5}},"type":"if","locations":[{"start":{"line":36,"column":4},"end":{"line":45,"column":5}},{"start":{},"end":{}}],"line":36}},"s":{"0":1,"1":1,"2":5,"3":5,"4":5,"5":5,"6":5,"7":5,"8":5,"9":5,"10":5,"11":1,"12":1,"13":5,"14":1,"15":1,"16":5,"17":1,"18":1,"19":5,"20":1,"21":1,"22":5,"23":1,"24":1,"25":5,"26":5,"27":5,"28":5,"29":5,"30":5,"31":5,"32":5},"f":{"0":5},"b":{"0":[1,4],"1":[5,4],"2":[1,4],"3":[5,4],"4":[1,4],"5":[5,4],"6":[1,4],"7":[1,4],"8":[5,4],"9":[5,0]},"_coverageSchema":"1a1c01bbd47fc00a2c39e90264f33305004495a9","hash":"1bf6ecfd14d67d7280999f278183c67b578f562a"}
,"C:\\Users\\ThanhBan\\Documents\\GitHub\\COSC4353---Project-Groups-14\\views\\signup.js": {"path":"C:\\Users\\ThanhBan\\Documents\\GitHub\\COSC4353---Project-Groups-14\\views\\signup.js","statementMap":{"0":{"start":{"line":3,"column":19},"end":{"line":3,"column":54}},"1":{"start":{"line":4,"column":19},"end":{"line":4,"column":54}},"2":{"start":{"line":5,"column":22},"end":{"line":5,"column":61}},"3":{"start":{"line":6,"column":16},"end":{"line":6,"column":48}},"4":{"start":{"line":7,"column":16},"end":{"line":7,"column":48}},"5":{"start":{"line":8,"column":4},"end":{"line":8,"column":18}},"6":{"start":{"line":10,"column":13},"end":{"line":10,"column":62}},"7":{"start":{"line":11,"column":4},"end":{"line":15,"column":5}},"8":{"start":{"line":12,"column":8},"end":{"line":12,"column":59}},"9":{"start":{"line":13,"column":8},"end":{"line":13,"column":38}},"10":{"start":{"line":16,"column":4},"end":{"line":19,"column":5}},"11":{"start":{"line":17,"column":8},"end":{"line":17,"column":51}},"12":{"start":{"line":18,"column":8},"end":{"line":18,"column":41}},"13":{"start":{"line":22,"column":4},"end":{"line":25,"column":5}},"14":{"start":{"line":23,"column":8},"end":{"line":23,"column":71}},"15":{"start":{"line":24,"column":8},"end":{"line":24,"column":41}},"16":{"start":{"line":27,"column":20},"end":{"line":27,"column":21}},"17":{"start":{"line":28,"column":20},"end":{"line":28,"column":21}},"18":{"start":{"line":29,"column":16},"end":{"line":29,"column":17}},"19":{"start":{"line":30,"column":4},"end":{"line":41,"column":5}},"20":{"start":{"line":30,"column":17},"end":{"line":30,"column":18}},"21":{"start":{"line":31,"column":19},"end":{"line":31,"column":47}},"22":{"start":{"line":32,"column":8},"end":{"line":40,"column":9}},"23":{"start":{"line":33,"column":12},"end":{"line":33,"column":23}},"24":{"start":{"line":35,"column":13},"end":{"line":40,"column":9}},"25":{"start":{"line":36,"column":12},"end":{"line":36,"column":23}},"26":{"start":{"line":38,"column":13},"end":{"line":40,"column":9}},"27":{"start":{"line":39,"column":12},"end":{"line":39,"column":19}},"28":{"start":{"line":42,"column":4},"end":{"line":46,"column":5}},"29":{"start":{"line":43,"column":8},"end":{"line":43,"column":81}},"30":{"start":{"line":44,"column":8},"end":{"line":44,"column":41}},"31":{"start":{"line":47,"column":4},"end":{"line":50,"column":5}},"32":{"start":{"line":48,"column":8},"end":{"line":48,"column":81}},"33":{"start":{"line":49,"column":8},"end":{"line":49,"column":41}},"34":{"start":{"line":52,"column":4},"end":{"line":55,"column":5}},"35":{"start":{"line":53,"column":8},"end":{"line":53,"column":67}},"36":{"start":{"line":54,"column":8},"end":{"line":54,"column":41}},"37":{"start":{"line":56,"column":4},"end":{"line":59,"column":5}},"38":{"start":{"line":57,"column":8},"end":{"line":57,"column":73}},"39":{"start":{"line":58,"column":8},"end":{"line":58,"column":44}},"40":{"start":{"line":62,"column":4},"end":{"line":71,"column":5}},"41":{"start":{"line":63,"column":8},"end":{"line":63,"column":30}},"42":{"start":{"line":64,"column":19},"end":{"line":64,"column":25}},"43":{"start":{"line":65,"column":8},"end":{"line":67,"column":9}},"44":{"start":{"line":66,"column":12},"end":{"line":66,"column":48}},"45":{"start":{"line":68,"column":8},"end":{"line":68,"column":29}},"46":{"start":{"line":69,"column":8},"end":{"line":69,"column":37}},"47":{"start":{"line":70,"column":8},"end":{"line":70,"column":30}},"48":{"start":{"line":73,"column":11},"end":{"line":73,"column":42}},"49":{"start":{"line":74,"column":0},"end":{"line":74,"column":48}}},"fnMap":{"0":{"name":"validate_signup","decl":{"start":{"line":2,"column":9},"end":{"line":2,"column":24}},"loc":{"start":{"line":2,"column":32},"end":{"line":72,"column":1}},"line":2}},"branchMap":{"0":{"loc":{"start":{"line":11,"column":4},"end":{"line":15,"column":5}},"type":"if","locations":[{"start":{"line":11,"column":4},"end":{"line":15,"column":5}},{"start":{},"end":{}}],"line":11},"1":{"loc":{"start":{"line":16,"column":4},"end":{"line":19,"column":5}},"type":"if","locations":[{"start":{"line":16,"column":4},"end":{"line":19,"column":5}},{"start":{},"end":{}}],"line":16},"2":{"loc":{"start":{"line":22,"column":4},"end":{"line":25,"column":5}},"type":"if","locations":[{"start":{"line":22,"column":4},"end":{"line":25,"column":5}},{"start":{},"end":{}}],"line":22},"3":{"loc":{"start":{"line":22,"column":8},"end":{"line":22,"column":63}},"type":"binary-expr","locations":[{"start":{"line":22,"column":8},"end":{"line":22,"column":33}},{"start":{"line":22,"column":37},"end":{"line":22,"column":63}}],"line":22},"4":{"loc":{"start":{"line":32,"column":8},"end":{"line":40,"column":9}},"type":"if","locations":[{"start":{"line":32,"column":8},"end":{"line":40,"column":9}},{"start":{"line":35,"column":13},"end":{"line":40,"column":9}}],"line":32},"5":{"loc":{"start":{"line":32,"column":12},"end":{"line":32,"column":36}},"type":"binary-expr","locations":[{"start":{"line":32,"column":12},"end":{"line":32,"column":22}},{"start":{"line":32,"column":26},"end":{"line":32,"column":36}}],"line":32},"6":{"loc":{"start":{"line":35,"column":13},"end":{"line":40,"column":9}},"type":"if","locations":[{"start":{"line":35,"column":13},"end":{"line":40,"column":9}},{"start":{"line":38,"column":13},"end":{"line":40,"column":9}}],"line":35},"7":{"loc":{"start":{"line":35,"column":17},"end":{"line":35,"column":42}},"type":"binary-expr","locations":[{"start":{"line":35,"column":17},"end":{"line":35,"column":27}},{"start":{"line":35,"column":31},"end":{"line":35,"column":42}}],"line":35},"8":{"loc":{"start":{"line":38,"column":13},"end":{"line":40,"column":9}},"type":"if","locations":[{"start":{"line":38,"column":13},"end":{"line":40,"column":9}},{"start":{},"end":{}}],"line":38},"9":{"loc":{"start":{"line":38,"column":17},"end":{"line":38,"column":41}},"type":"binary-expr","locations":[{"start":{"line":38,"column":17},"end":{"line":38,"column":27}},{"start":{"line":38,"column":31},"end":{"line":38,"column":41}}],"line":38},"10":{"loc":{"start":{"line":42,"column":4},"end":{"line":46,"column":5}},"type":"if","locations":[{"start":{"line":42,"column":4},"end":{"line":46,"column":5}},{"start":{},"end":{}}],"line":42},"11":{"loc":{"start":{"line":47,"column":4},"end":{"line":50,"column":5}},"type":"if","locations":[{"start":{"line":47,"column":4},"end":{"line":50,"column":5}},{"start":{},"end":{}}],"line":47},"12":{"loc":{"start":{"line":52,"column":4},"end":{"line":55,"column":5}},"type":"if","locations":[{"start":{"line":52,"column":4},"end":{"line":55,"column":5}},{"start":{},"end":{}}],"line":52},"13":{"loc":{"start":{"line":56,"column":4},"end":{"line":59,"column":5}},"type":"if","locations":[{"start":{"line":56,"column":4},"end":{"line":59,"column":5}},{"start":{},"end":{}}],"line":56},"14":{"loc":{"start":{"line":62,"column":4},"end":{"line":71,"column":5}},"type":"if","locations":[{"start":{"line":62,"column":4},"end":{"line":71,"column":5}},{"start":{},"end":{}}],"line":62}},"s":{"0":3,"1":3,"2":3,"3":3,"4":3,"5":3,"6":3,"7":3,"8":1,"9":1,"10":3,"11":1,"12":1,"13":3,"14":1,"15":1,"16":3,"17":3,"18":3,"19":3,"20":3,"21":14,"22":14,"23":2,"24":12,"25":10,"26":2,"27":2,"28":3,"29":1,"30":1,"31":3,"32":1,"33":1,"34":3,"35":1,"36":1,"37":3,"38":0,"39":0,"40":3,"41":3,"42":3,"43":3,"44":6,"45":3,"46":3,"47":3,"48":1,"49":1},"f":{"0":3},"b":{"0":[1,2],"1":[1,2],"2":[1,2],"3":[3,2],"4":[2,12],"5":[14,12],"6":[10,2],"7":[12,10],"8":[2,0],"9":[2,2],"10":[1,2],"11":[1,2],"12":[1,2],"13":[0,3],"14":[3,0]},"_coverageSchema":"1a1c01bbd47fc00a2c39e90264f33305004495a9","hash":"c367b55a1556bbfa588f291f10a533b22b8fd133"}
}
