TN:
SF:views\login.js
FN:4,validate
FNF:1
FNH:1
FNDA:3,validate
DA:1,1
DA:2,1
DA:5,3
DA:6,3
DA:7,3
DA:8,3
DA:9,3
DA:10,1
DA:11,1
DA:14,3
DA:15,1
DA:16,1
DA:19,3
DA:20,1
DA:21,1
DA:22,1
DA:23,1
DA:26,3
DA:27,3
DA:28,3
DA:29,3
DA:30,3
DA:32,3
DA:33,3
DA:34,3
LF:25
LH:25
BRDA:9,0,0,1
BRDA:9,0,1,2
BRDA:14,1,0,1
BRDA:14,1,1,2
BRDA:19,2,0,1
BRDA:19,2,1,2
BRDA:19,3,0,3
BRDA:19,3,1,2
BRDA:20,4,0,1
BRDA:20,4,1,0
BRDA:20,5,0,1
BRDA:20,5,1,1
BRDA:26,6,0,3
BRDA:26,6,1,0
BRF:14
BRH:12
end_of_record
TN:
SF:views\profile.js
FN:4,validate_profile
FNF:1
FNH:1
FNDA:5,validate_profile
DA:1,1
DA:2,1
DA:5,5
DA:6,5
DA:7,5
DA:8,5
DA:9,5
DA:10,5
DA:11,5
DA:12,5
DA:13,5
DA:14,1
DA:15,1
DA:17,5
DA:18,1
DA:19,1
DA:21,5
DA:22,1
DA:23,1
DA:25,5
DA:26,1
DA:27,1
DA:30,5
DA:31,1
DA:32,1
DA:36,5
DA:37,5
DA:38,5
DA:39,5
DA:40,5
DA:42,5
DA:43,5
DA:44,5
LF:33
LH:33
BRDA:13,0,0,1
BRDA:13,0,1,4
BRDA:13,1,0,5
BRDA:13,1,1,4
BRDA:17,2,0,1
BRDA:17,2,1,4
BRDA:17,3,0,5
BRDA:17,3,1,4
BRDA:21,4,0,1
BRDA:21,4,1,4
BRDA:21,5,0,5
BRDA:21,5,1,4
BRDA:25,6,0,1
BRDA:25,6,1,4
BRDA:30,7,0,1
BRDA:30,7,1,4
BRDA:30,8,0,5
BRDA:30,8,1,4
BRDA:36,9,0,5
BRDA:36,9,1,0
BRF:20
BRH:19
end_of_record
TN:
SF:views\signup.js
FN:2,validate_signup
FNF:1
FNH:1
FNDA:3,validate_signup
DA:3,3
DA:4,3
DA:5,3
DA:6,3
DA:7,3
DA:8,3
DA:10,3
DA:11,3
DA:12,1
DA:13,1
DA:16,3
DA:17,1
DA:18,1
DA:22,3
DA:23,1
DA:24,1
DA:27,3
DA:28,3
DA:29,3
DA:30,3
DA:31,14
DA:32,14
DA:33,2
DA:35,12
DA:36,10
DA:38,2
DA:39,2
DA:42,3
DA:43,1
DA:44,1
DA:47,3
DA:48,1
DA:49,1
DA:52,3
DA:53,1
DA:54,1
DA:56,3
DA:57,0
DA:58,0
DA:62,3
DA:63,3
DA:64,3
DA:65,3
DA:66,6
DA:68,3
DA:69,3
DA:70,3
DA:73,1
DA:74,1
LF:49
LH:47
BRDA:11,0,0,1
BRDA:11,0,1,2
BRDA:16,1,0,1
BRDA:16,1,1,2
BRDA:22,2,0,1
BRDA:22,2,1,2
BRDA:22,3,0,3
BRDA:22,3,1,2
BRDA:32,4,0,2
BRDA:32,4,1,12
BRDA:32,5,0,14
BRDA:32,5,1,12
BRDA:35,6,0,10
BRDA:35,6,1,2
BRDA:35,7,0,12
BRDA:35,7,1,10
BRDA:38,8,0,2
BRDA:38,8,1,0
BRDA:38,9,0,2
BRDA:38,9,1,2
BRDA:42,10,0,1
BRDA:42,10,1,2
BRDA:47,11,0,1
BRDA:47,11,1,2
BRDA:52,12,0,1
BRDA:52,12,1,2
BRDA:56,13,0,0
BRDA:56,13,1,3
BRDA:62,14,0,3
BRDA:62,14,1,0
BRF:30
BRH:27
end_of_record
