TN:
SF:public\login.js
FN:7,validate
FNF:1
FNH:1
FNDA:3,validate
DA:3,1
DA:4,1
DA:8,3
DA:9,3
DA:10,3
DA:11,3
DA:12,3
DA:13,1
DA:14,1
DA:17,3
DA:18,1
DA:19,1
DA:22,3
DA:23,1
DA:24,1
DA:25,1
DA:26,1
DA:29,3
DA:30,3
DA:31,3
DA:32,3
DA:33,3
DA:35,3
DA:36,3
DA:37,3
LF:25
LH:25
BRDA:12,0,0,1
BRDA:12,0,1,2
BRDA:17,1,0,1
BRDA:17,1,1,2
BRDA:22,2,0,1
BRDA:22,2,1,2
BRDA:22,3,0,3
BRDA:22,3,1,2
BRDA:23,4,0,1
BRDA:23,4,1,0
BRDA:23,5,0,1
BRDA:23,5,1,1
BRDA:29,6,0,3
BRDA:29,6,1,0
BRF:14
BRH:12
end_of_record
TN:
SF:public\profile.js
FN:6,validate_profile
FNF:1
FNH:1
FNDA:5,validate_profile
DA:1,1
DA:2,1
DA:7,5
DA:8,5
DA:9,5
DA:10,5
DA:11,5
DA:12,5
DA:13,5
DA:14,5
DA:15,5
DA:16,1
DA:17,1
DA:19,5
DA:20,1
DA:21,1
DA:23,5
DA:24,1
DA:25,1
DA:27,5
DA:28,1
DA:29,1
DA:32,5
DA:33,1
DA:34,1
DA:38,5
DA:39,5
DA:40,5
DA:41,5
DA:42,5
DA:44,5
DA:45,5
DA:46,5
LF:33
LH:33
BRDA:15,0,0,1
BRDA:15,0,1,4
BRDA:15,1,0,5
BRDA:15,1,1,4
BRDA:19,2,0,1
BRDA:19,2,1,4
BRDA:19,3,0,5
BRDA:19,3,1,4
BRDA:23,4,0,1
BRDA:23,4,1,4
BRDA:23,5,0,5
BRDA:23,5,1,4
BRDA:27,6,0,1
BRDA:27,6,1,4
BRDA:32,7,0,1
BRDA:32,7,1,4
BRDA:32,8,0,5
BRDA:32,8,1,4
BRDA:38,9,0,5
BRDA:38,9,1,0
BRF:20
BRH:19
end_of_record
TN:
SF:public\signup.js
FN:1,validate_signup
FNF:1
FNH:1
FNDA:3,validate_signup
DA:2,3
DA:3,3
DA:4,3
DA:5,3
DA:6,3
DA:7,3
DA:9,3
DA:10,3
DA:11,1
DA:12,1
DA:15,3
DA:16,1
DA:17,1
DA:21,3
DA:22,1
DA:23,1
DA:26,3
DA:27,3
DA:28,3
DA:29,3
DA:30,14
DA:31,14
DA:32,2
DA:34,12
DA:35,10
DA:37,2
DA:38,2
DA:41,3
DA:42,1
DA:43,1
DA:46,3
DA:47,1
DA:48,1
DA:51,3
DA:52,1
DA:53,1
DA:55,3
DA:56,0
DA:57,0
DA:61,3
DA:62,3
DA:63,3
DA:64,3
DA:65,6
DA:67,3
DA:68,3
DA:69,3
DA:73,1
DA:74,1
LF:49
LH:47
BRDA:10,0,0,1
BRDA:10,0,1,2
BRDA:15,1,0,1
BRDA:15,1,1,2
BRDA:21,2,0,1
BRDA:21,2,1,2
BRDA:21,3,0,3
BRDA:21,3,1,2
BRDA:31,4,0,2
BRDA:31,4,1,12
BRDA:31,5,0,14
BRDA:31,5,1,12
BRDA:34,6,0,10
BRDA:34,6,1,2
BRDA:34,7,0,12
BRDA:34,7,1,10
BRDA:37,8,0,2
BRDA:37,8,1,0
BRDA:37,9,0,2
BRDA:37,9,1,2
BRDA:41,10,0,1
BRDA:41,10,1,2
BRDA:46,11,0,1
BRDA:46,11,1,2
BRDA:51,12,0,1
BRDA:51,12,1,2
BRDA:55,13,0,0
BRDA:55,13,1,3
BRDA:61,14,0,3
BRDA:61,14,1,0
BRF:30
BRH:27
end_of_record
